Start testing: Aug 16 15:26 CST
----------------------------------------------------------
1/3 Testing: forgekv_hello_test
1/3 Test: forgekv_hello_test
Command: "/Users/steve/code/forgekv-mlx-kv-cache/build/forgekv_hello_test"
Directory: /Users/steve/code/forgekv-mlx-kv-cache/build
"forgekv_hello_test" start time: Aug 16 15:26 CST
Output:
----------------------------------------------------------
Hello from ForgeKV!
<end of output>
Test time =   0.00 sec
----------------------------------------------------------
Test Passed.
"forgekv_hello_test" end time: Aug 16 15:26 CST
"forgekv_hello_test" time elapsed: 00:00:00
----------------------------------------------------------

2/3 Testing: forgekv_status_test
2/3 Test: forgekv_status_test
Command: "/Users/steve/code/forgekv-mlx-kv-cache/build/forgekv_status_test"
Directory: /Users/steve/code/forgekv-mlx-kv-cache/build
"forgekv_status_test" start time: Aug 16 15:26 CST
Output:
----------------------------------------------------------
<end of output>
Test time =   0.00 sec
----------------------------------------------------------
Test Passed.
"forgekv_status_test" end time: Aug 16 15:26 CST
"forgekv_status_test" time elapsed: 00:00:00
----------------------------------------------------------

3/3 Testing: forgekv_db_test
3/3 Test: forgekv_db_test
Command: "/Users/steve/code/forgekv-mlx-kv-cache/build/forgekv_db_test"
Directory: /Users/steve/code/forgekv-mlx-kv-cache/build
"forgekv_db_test" start time: Aug 16 15:26 CST
Output:
----------------------------------------------------------
<end of output>
Test time =   0.00 sec
----------------------------------------------------------
Test Passed.
"forgekv_db_test" end time: Aug 16 15:26 CST
"forgekv_db_test" time elapsed: 00:00:00
----------------------------------------------------------

End testing: Aug 16 15:26 CST
